<?xml version="1.0" encoding="UTF-8"?>
<testsuite xmlns:xsi="http://www.w3.org/2001/XMLSchema-instance" xsi:noNamespaceSchemaLocation="https://maven.apache.org/surefire/maven-surefire-plugin/xsd/surefire-test-report.xsd" name="com.example.demo.GithubActionsProjApplicationTests" time="1.597" tests="1" errors="0" skipped="0" failures="0">
  <properties>
    <property name="sun.desktop" value="gnome"/>
    <property name="awt.toolkit" value="sun.awt.X11.XToolkit"/>
    <property name="file.encoding.pkg" value="sun.io"/>
    <property name="java.specification.version" value="1.8"/>
    <property name="sun.cpu.isalist" value=""/>
    <property name="sun.jnu.encoding" value="UTF-8"/>
    <property name="java.class.path" value="/home/ironclad/Downloads/SpringLibraries/Spring_MS_TechEFX/github_actions_proj/target/test-classes:/home/ironclad/Downloads/SpringLibraries/Spring_MS_TechEFX/github_actions_proj/target/classes:/home/ironclad/.m2/repository/org/springframework/boot/spring-boot-starter-thymeleaf/2.5.9/spring-boot-starter-thymeleaf-2.5.9.jar:/home/ironclad/.m2/repository/org/springframework/boot/spring-boot-starter/2.5.9/spring-boot-starter-2.5.9.jar:/home/ironclad/.m2/repository/org/springframework/boot/spring-boot/2.5.9/spring-boot-2.5.9.jar:/home/ironclad/.m2/repository/org/springframework/boot/spring-boot-autoconfigure/2.5.9/spring-boot-autoconfigure-2.5.9.jar:/home/ironclad/.m2/repository/org/springframework/boot/spring-boot-starter-logging/2.5.9/spring-boot-starter-logging-2.5.9.jar:/home/ironclad/.m2/repository/ch/qos/logback/logback-classic/1.2.10/logback-classic-1.2.10.jar:/home/ironclad/.m2/repository/ch/qos/logback/logback-core/1.2.10/logback-core-1.2.10.jar:/home/ironclad/.m2/repository/org/apache/logging/log4j/log4j-to-slf4j/2.17.1/log4j-to-slf4j-2.17.1.jar:/home/ironclad/.m2/repository/org/apache/logging/log4j/log4j-api/2.17.1/log4j-api-2.17.1.jar:/home/ironclad/.m2/repository/org/slf4j/jul-to-slf4j/1.7.33/jul-to-slf4j-1.7.33.jar:/home/ironclad/.m2/repository/org/yaml/snakeyaml/1.28/snakeyaml-1.28.jar:/home/ironclad/.m2/repository/org/thymeleaf/thymeleaf-spring5/3.0.14.RELEASE/thymeleaf-spring5-3.0.14.RELEASE.jar:/home/ironclad/.m2/repository/org/thymeleaf/thymeleaf/3.0.14.RELEASE/thymeleaf-3.0.14.RELEASE.jar:/home/ironclad/.m2/repository/org/attoparser/attoparser/2.0.5.RELEASE/attoparser-2.0.5.RELEASE.jar:/home/ironclad/.m2/repository/org/unbescape/unbescape/1.1.6.RELEASE/unbescape-1.1.6.RELEASE.jar:/home/ironclad/.m2/repository/org/slf4j/slf4j-api/1.7.33/slf4j-api-1.7.33.jar:/home/ironclad/.m2/repository/org/thymeleaf/extras/thymeleaf-extras-java8time/3.0.4.RELEASE/thymeleaf-extras-java8time-3.0.4.RELEASE.jar:/home/ironclad/.m2/repository/org/springframework/boot/spring-boot-starter-web/2.5.9/spring-boot-starter-web-2.5.9.jar:/home/ironclad/.m2/repository/org/springframework/boot/spring-boot-starter-json/2.5.9/spring-boot-starter-json-2.5.9.jar:/home/ironclad/.m2/repository/com/fasterxml/jackson/core/jackson-databind/2.12.6/jackson-databind-2.12.6.jar:/home/ironclad/.m2/repository/com/fasterxml/jackson/core/jackson-annotations/2.12.6/jackson-annotations-2.12.6.jar:/home/ironclad/.m2/repository/com/fasterxml/jackson/core/jackson-core/2.12.6/jackson-core-2.12.6.jar:/home/ironclad/.m2/repository/com/fasterxml/jackson/datatype/jackson-datatype-jdk8/2.12.6/jackson-datatype-jdk8-2.12.6.jar:/home/ironclad/.m2/repository/com/fasterxml/jackson/datatype/jackson-datatype-jsr310/2.12.6/jackson-datatype-jsr310-2.12.6.jar:/home/ironclad/.m2/repository/com/fasterxml/jackson/module/jackson-module-parameter-names/2.12.6/jackson-module-parameter-names-2.12.6.jar:/home/ironclad/.m2/repository/org/springframework/spring-web/5.3.15/spring-web-5.3.15.jar:/home/ironclad/.m2/repository/org/springframework/spring-beans/5.3.15/spring-beans-5.3.15.jar:/home/ironclad/.m2/repository/org/springframework/spring-webmvc/5.3.15/spring-webmvc-5.3.15.jar:/home/ironclad/.m2/repository/org/springframework/spring-aop/5.3.15/spring-aop-5.3.15.jar:/home/ironclad/.m2/repository/org/springframework/spring-context/5.3.15/spring-context-5.3.15.jar:/home/ironclad/.m2/repository/org/springframework/spring-expression/5.3.15/spring-expression-5.3.15.jar:/home/ironclad/.m2/repository/org/apache/tomcat/embed/tomcat-embed-jasper/9.0.44/tomcat-embed-jasper-9.0.44.jar:/home/ironclad/.m2/repository/org/apache/tomcat/embed/tomcat-embed-core/9.0.56/tomcat-embed-core-9.0.56.jar:/home/ironclad/.m2/repository/org/apache/tomcat/tomcat-annotations-api/9.0.56/tomcat-annotations-api-9.0.56.jar:/home/ironclad/.m2/repository/org/apache/tomcat/embed/tomcat-embed-el/9.0.56/tomcat-embed-el-9.0.56.jar:/home/ironclad/.m2/repository/org/eclipse/jdt/ecj/3.18.0/ecj-3.18.0.jar:/home/ironclad/.m2/repository/javax/servlet/jstl/1.2/jstl-1.2.jar:/home/ironclad/.m2/repository/org/springframework/boot/spring-boot-starter-tomcat/2.4.4/spring-boot-starter-tomcat-2.4.4.jar:/home/ironclad/.m2/repository/jakarta/annotation/jakarta.annotation-api/1.3.5/jakarta.annotation-api-1.3.5.jar:/home/ironclad/.m2/repository/org/glassfish/jakarta.el/3.0.4/jakarta.el-3.0.4.jar:/home/ironclad/.m2/repository/org/apache/tomcat/embed/tomcat-embed-websocket/9.0.56/tomcat-embed-websocket-9.0.56.jar:/home/ironclad/.m2/repository/org/eclipse/jdt/core/compiler/ecj/4.6.1/ecj-4.6.1.jar:/home/ironclad/.m2/repository/org/springframework/boot/spring-boot-starter-test/2.5.9/spring-boot-starter-test-2.5.9.jar:/home/ironclad/.m2/repository/org/springframework/boot/spring-boot-test/2.5.9/spring-boot-test-2.5.9.jar:/home/ironclad/.m2/repository/org/springframework/boot/spring-boot-test-autoconfigure/2.5.9/spring-boot-test-autoconfigure-2.5.9.jar:/home/ironclad/.m2/repository/com/jayway/jsonpath/json-path/2.5.0/json-path-2.5.0.jar:/home/ironclad/.m2/repository/net/minidev/json-smart/2.4.7/json-smart-2.4.7.jar:/home/ironclad/.m2/repository/net/minidev/accessors-smart/2.4.7/accessors-smart-2.4.7.jar:/home/ironclad/.m2/repository/org/ow2/asm/asm/9.1/asm-9.1.jar:/home/ironclad/.m2/repository/jakarta/xml/bind/jakarta.xml.bind-api/2.3.3/jakarta.xml.bind-api-2.3.3.jar:/home/ironclad/.m2/repository/jakarta/activation/jakarta.activation-api/1.2.2/jakarta.activation-api-1.2.2.jar:/home/ironclad/.m2/repository/org/assertj/assertj-core/3.19.0/assertj-core-3.19.0.jar:/home/ironclad/.m2/repository/org/hamcrest/hamcrest/2.2/hamcrest-2.2.jar:/home/ironclad/.m2/repository/org/junit/jupiter/junit-jupiter/5.7.2/junit-jupiter-5.7.2.jar:/home/ironclad/.m2/repository/org/junit/jupiter/junit-jupiter-api/5.7.2/junit-jupiter-api-5.7.2.jar:/home/ironclad/.m2/repository/org/apiguardian/apiguardian-api/1.1.0/apiguardian-api-1.1.0.jar:/home/ironclad/.m2/repository/org/opentest4j/opentest4j/1.2.0/opentest4j-1.2.0.jar:/home/ironclad/.m2/repository/org/junit/platform/junit-platform-commons/1.7.2/junit-platform-commons-1.7.2.jar:/home/ironclad/.m2/repository/org/junit/jupiter/junit-jupiter-params/5.7.2/junit-jupiter-params-5.7.2.jar:/home/ironclad/.m2/repository/org/junit/jupiter/junit-jupiter-engine/5.7.2/junit-jupiter-engine-5.7.2.jar:/home/ironclad/.m2/repository/org/junit/platform/junit-platform-engine/1.7.2/junit-platform-engine-1.7.2.jar:/home/ironclad/.m2/repository/org/mockito/mockito-core/3.9.0/mockito-core-3.9.0.jar:/home/ironclad/.m2/repository/net/bytebuddy/byte-buddy/1.10.22/byte-buddy-1.10.22.jar:/home/ironclad/.m2/repository/net/bytebuddy/byte-buddy-agent/1.10.22/byte-buddy-agent-1.10.22.jar:/home/ironclad/.m2/repository/org/objenesis/objenesis/3.2/objenesis-3.2.jar:/home/ironclad/.m2/repository/org/mockito/mockito-junit-jupiter/3.9.0/mockito-junit-jupiter-3.9.0.jar:/home/ironclad/.m2/repository/org/skyscreamer/jsonassert/1.5.0/jsonassert-1.5.0.jar:/home/ironclad/.m2/repository/com/vaadin/external/google/android-json/0.0.20131108.vaadin1/android-json-0.0.20131108.vaadin1.jar:/home/ironclad/.m2/repository/org/springframework/spring-core/5.3.15/spring-core-5.3.15.jar:/home/ironclad/.m2/repository/org/springframework/spring-jcl/5.3.15/spring-jcl-5.3.15.jar:/home/ironclad/.m2/repository/org/springframework/spring-test/5.3.15/spring-test-5.3.15.jar:/home/ironclad/.m2/repository/org/xmlunit/xmlunit-core/2.8.4/xmlunit-core-2.8.4.jar:"/>
    <property name="java.vm.vendor" value="Oracle Corporation"/>
    <property name="sun.arch.data.model" value="64"/>
    <property name="java.vendor.url" value="http://java.oracle.com/"/>
    <property name="user.timezone" value=""/>
    <property name="java.vm.specification.version" value="1.8"/>
    <property name="os.name" value="Linux"/>
    <property name="user.country" value="IN"/>
    <property name="sun.java.launcher" value="SUN_STANDARD"/>
    <property name="sun.boot.library.path" value="/usr/java/jdk1.8.0_201/jre/lib/amd64"/>
    <property name="sun.java.command" value="/home/ironclad/Downloads/SpringLibraries/Spring_MS_TechEFX/github_actions_proj/target/surefire/surefirebooter7915081486410802589.jar /home/ironclad/Downloads/SpringLibraries/Spring_MS_TechEFX/github_actions_proj/target/surefire 2022-02-06T23-16-57_376-jvmRun1 surefire4716334542685276805tmp surefire_02488441086279175635tmp"/>
    <property name="surefire.test.class.path" value="/home/ironclad/Downloads/SpringLibraries/Spring_MS_TechEFX/github_actions_proj/target/test-classes:/home/ironclad/Downloads/SpringLibraries/Spring_MS_TechEFX/github_actions_proj/target/classes:/home/ironclad/.m2/repository/org/springframework/boot/spring-boot-starter-thymeleaf/2.5.9/spring-boot-starter-thymeleaf-2.5.9.jar:/home/ironclad/.m2/repository/org/springframework/boot/spring-boot-starter/2.5.9/spring-boot-starter-2.5.9.jar:/home/ironclad/.m2/repository/org/springframework/boot/spring-boot/2.5.9/spring-boot-2.5.9.jar:/home/ironclad/.m2/repository/org/springframework/boot/spring-boot-autoconfigure/2.5.9/spring-boot-autoconfigure-2.5.9.jar:/home/ironclad/.m2/repository/org/springframework/boot/spring-boot-starter-logging/2.5.9/spring-boot-starter-logging-2.5.9.jar:/home/ironclad/.m2/repository/ch/qos/logback/logback-classic/1.2.10/logback-classic-1.2.10.jar:/home/ironclad/.m2/repository/ch/qos/logback/logback-core/1.2.10/logback-core-1.2.10.jar:/home/ironclad/.m2/repository/org/apache/logging/log4j/log4j-to-slf4j/2.17.1/log4j-to-slf4j-2.17.1.jar:/home/ironclad/.m2/repository/org/apache/logging/log4j/log4j-api/2.17.1/log4j-api-2.17.1.jar:/home/ironclad/.m2/repository/org/slf4j/jul-to-slf4j/1.7.33/jul-to-slf4j-1.7.33.jar:/home/ironclad/.m2/repository/org/yaml/snakeyaml/1.28/snakeyaml-1.28.jar:/home/ironclad/.m2/repository/org/thymeleaf/thymeleaf-spring5/3.0.14.RELEASE/thymeleaf-spring5-3.0.14.RELEASE.jar:/home/ironclad/.m2/repository/org/thymeleaf/thymeleaf/3.0.14.RELEASE/thymeleaf-3.0.14.RELEASE.jar:/home/ironclad/.m2/repository/org/attoparser/attoparser/2.0.5.RELEASE/attoparser-2.0.5.RELEASE.jar:/home/ironclad/.m2/repository/org/unbescape/unbescape/1.1.6.RELEASE/unbescape-1.1.6.RELEASE.jar:/home/ironclad/.m2/repository/org/slf4j/slf4j-api/1.7.33/slf4j-api-1.7.33.jar:/home/ironclad/.m2/repository/org/thymeleaf/extras/thymeleaf-extras-java8time/3.0.4.RELEASE/thymeleaf-extras-java8time-3.0.4.RELEASE.jar:/home/ironclad/.m2/repository/org/springframework/boot/spring-boot-starter-web/2.5.9/spring-boot-starter-web-2.5.9.jar:/home/ironclad/.m2/repository/org/springframework/boot/spring-boot-starter-json/2.5.9/spring-boot-starter-json-2.5.9.jar:/home/ironclad/.m2/repository/com/fasterxml/jackson/core/jackson-databind/2.12.6/jackson-databind-2.12.6.jar:/home/ironclad/.m2/repository/com/fasterxml/jackson/core/jackson-annotations/2.12.6/jackson-annotations-2.12.6.jar:/home/ironclad/.m2/repository/com/fasterxml/jackson/core/jackson-core/2.12.6/jackson-core-2.12.6.jar:/home/ironclad/.m2/repository/com/fasterxml/jackson/datatype/jackson-datatype-jdk8/2.12.6/jackson-datatype-jdk8-2.12.6.jar:/home/ironclad/.m2/repository/com/fasterxml/jackson/datatype/jackson-datatype-jsr310/2.12.6/jackson-datatype-jsr310-2.12.6.jar:/home/ironclad/.m2/repository/com/fasterxml/jackson/module/jackson-module-parameter-names/2.12.6/jackson-module-parameter-names-2.12.6.jar:/home/ironclad/.m2/repository/org/springframework/spring-web/5.3.15/spring-web-5.3.15.jar:/home/ironclad/.m2/repository/org/springframework/spring-beans/5.3.15/spring-beans-5.3.15.jar:/home/ironclad/.m2/repository/org/springframework/spring-webmvc/5.3.15/spring-webmvc-5.3.15.jar:/home/ironclad/.m2/repository/org/springframework/spring-aop/5.3.15/spring-aop-5.3.15.jar:/home/ironclad/.m2/repository/org/springframework/spring-context/5.3.15/spring-context-5.3.15.jar:/home/ironclad/.m2/repository/org/springframework/spring-expression/5.3.15/spring-expression-5.3.15.jar:/home/ironclad/.m2/repository/org/apache/tomcat/embed/tomcat-embed-jasper/9.0.44/tomcat-embed-jasper-9.0.44.jar:/home/ironclad/.m2/repository/org/apache/tomcat/embed/tomcat-embed-core/9.0.56/tomcat-embed-core-9.0.56.jar:/home/ironclad/.m2/repository/org/apache/tomcat/tomcat-annotations-api/9.0.56/tomcat-annotations-api-9.0.56.jar:/home/ironclad/.m2/repository/org/apache/tomcat/embed/tomcat-embed-el/9.0.56/tomcat-embed-el-9.0.56.jar:/home/ironclad/.m2/repository/org/eclipse/jdt/ecj/3.18.0/ecj-3.18.0.jar:/home/ironclad/.m2/repository/javax/servlet/jstl/1.2/jstl-1.2.jar:/home/ironclad/.m2/repository/org/springframework/boot/spring-boot-starter-tomcat/2.4.4/spring-boot-starter-tomcat-2.4.4.jar:/home/ironclad/.m2/repository/jakarta/annotation/jakarta.annotation-api/1.3.5/jakarta.annotation-api-1.3.5.jar:/home/ironclad/.m2/repository/org/glassfish/jakarta.el/3.0.4/jakarta.el-3.0.4.jar:/home/ironclad/.m2/repository/org/apache/tomcat/embed/tomcat-embed-websocket/9.0.56/tomcat-embed-websocket-9.0.56.jar:/home/ironclad/.m2/repository/org/eclipse/jdt/core/compiler/ecj/4.6.1/ecj-4.6.1.jar:/home/ironclad/.m2/repository/org/springframework/boot/spring-boot-starter-test/2.5.9/spring-boot-starter-test-2.5.9.jar:/home/ironclad/.m2/repository/org/springframework/boot/spring-boot-test/2.5.9/spring-boot-test-2.5.9.jar:/home/ironclad/.m2/repository/org/springframework/boot/spring-boot-test-autoconfigure/2.5.9/spring-boot-test-autoconfigure-2.5.9.jar:/home/ironclad/.m2/repository/com/jayway/jsonpath/json-path/2.5.0/json-path-2.5.0.jar:/home/ironclad/.m2/repository/net/minidev/json-smart/2.4.7/json-smart-2.4.7.jar:/home/ironclad/.m2/repository/net/minidev/accessors-smart/2.4.7/accessors-smart-2.4.7.jar:/home/ironclad/.m2/repository/org/ow2/asm/asm/9.1/asm-9.1.jar:/home/ironclad/.m2/repository/jakarta/xml/bind/jakarta.xml.bind-api/2.3.3/jakarta.xml.bind-api-2.3.3.jar:/home/ironclad/.m2/repository/jakarta/activation/jakarta.activation-api/1.2.2/jakarta.activation-api-1.2.2.jar:/home/ironclad/.m2/repository/org/assertj/assertj-core/3.19.0/assertj-core-3.19.0.jar:/home/ironclad/.m2/repository/org/hamcrest/hamcrest/2.2/hamcrest-2.2.jar:/home/ironclad/.m2/repository/org/junit/jupiter/junit-jupiter/5.7.2/junit-jupiter-5.7.2.jar:/home/ironclad/.m2/repository/org/junit/jupiter/junit-jupiter-api/5.7.2/junit-jupiter-api-5.7.2.jar:/home/ironclad/.m2/repository/org/apiguardian/apiguardian-api/1.1.0/apiguardian-api-1.1.0.jar:/home/ironclad/.m2/repository/org/opentest4j/opentest4j/1.2.0/opentest4j-1.2.0.jar:/home/ironclad/.m2/repository/org/junit/platform/junit-platform-commons/1.7.2/junit-platform-commons-1.7.2.jar:/home/ironclad/.m2/repository/org/junit/jupiter/junit-jupiter-params/5.7.2/junit-jupiter-params-5.7.2.jar:/home/ironclad/.m2/repository/org/junit/jupiter/junit-jupiter-engine/5.7.2/junit-jupiter-engine-5.7.2.jar:/home/ironclad/.m2/repository/org/junit/platform/junit-platform-engine/1.7.2/junit-platform-engine-1.7.2.jar:/home/ironclad/.m2/repository/org/mockito/mockito-core/3.9.0/mockito-core-3.9.0.jar:/home/ironclad/.m2/repository/net/bytebuddy/byte-buddy/1.10.22/byte-buddy-1.10.22.jar:/home/ironclad/.m2/repository/net/bytebuddy/byte-buddy-agent/1.10.22/byte-buddy-agent-1.10.22.jar:/home/ironclad/.m2/repository/org/objenesis/objenesis/3.2/objenesis-3.2.jar:/home/ironclad/.m2/repository/org/mockito/mockito-junit-jupiter/3.9.0/mockito-junit-jupiter-3.9.0.jar:/home/ironclad/.m2/repository/org/skyscreamer/jsonassert/1.5.0/jsonassert-1.5.0.jar:/home/ironclad/.m2/repository/com/vaadin/external/google/android-json/0.0.20131108.vaadin1/android-json-0.0.20131108.vaadin1.jar:/home/ironclad/.m2/repository/org/springframework/spring-core/5.3.15/spring-core-5.3.15.jar:/home/ironclad/.m2/repository/org/springframework/spring-jcl/5.3.15/spring-jcl-5.3.15.jar:/home/ironclad/.m2/repository/org/springframework/spring-test/5.3.15/spring-test-5.3.15.jar:/home/ironclad/.m2/repository/org/xmlunit/xmlunit-core/2.8.4/xmlunit-core-2.8.4.jar:"/>
    <property name="sun.cpu.endian" value="little"/>
    <property name="user.home" value="/home/ironclad"/>
    <property name="user.language" value="en"/>
    <property name="java.specification.vendor" value="Oracle Corporation"/>
    <property name="java.home" value="/usr/java/jdk1.8.0_201/jre"/>
    <property name="basedir" value="/home/ironclad/Downloads/SpringLibraries/Spring_MS_TechEFX/github_actions_proj"/>
    <property name="file.separator" value="/"/>
    <property name="line.separator" value="&#10;"/>
    <property name="java.vm.specification.vendor" value="Oracle Corporation"/>
    <property name="java.specification.name" value="Java Platform API Specification"/>
    <property name="java.awt.graphicsenv" value="sun.awt.X11GraphicsEnvironment"/>
    <property name="surefire.real.class.path" value="/home/ironclad/Downloads/SpringLibraries/Spring_MS_TechEFX/github_actions_proj/target/surefire/surefirebooter7915081486410802589.jar"/>
    <property name="sun.boot.class.path" value="/usr/java/jdk1.8.0_201/jre/lib/resources.jar:/usr/java/jdk1.8.0_201/jre/lib/rt.jar:/usr/java/jdk1.8.0_201/jre/lib/sunrsasign.jar:/usr/java/jdk1.8.0_201/jre/lib/jsse.jar:/usr/java/jdk1.8.0_201/jre/lib/jce.jar:/usr/java/jdk1.8.0_201/jre/lib/charsets.jar:/usr/java/jdk1.8.0_201/jre/lib/jfr.jar:/usr/java/jdk1.8.0_201/jre/classes"/>
    <property name="sun.management.compiler" value="HotSpot 64-Bit Tiered Compilers"/>
    <property name="java.runtime.version" value="1.8.0_201-b09"/>
    <property name="user.name" value="ironclad"/>
    <property name="path.separator" value=":"/>
    <property name="os.version" value="5.4.0-97-generic"/>
    <property name="java.endorsed.dirs" value="/usr/java/jdk1.8.0_201/jre/lib/endorsed"/>
    <property name="java.runtime.name" value="Java(TM) SE Runtime Environment"/>
    <property name="file.encoding" value="UTF-8"/>
    <property name="java.vm.name" value="Java HotSpot(TM) 64-Bit Server VM"/>
    <property name="localRepository" value="/home/ironclad/.m2/repository"/>
    <property name="java.vendor.url.bug" value="http://bugreport.sun.com/bugreport/"/>
    <property name="java.io.tmpdir" value="/tmp"/>
    <property name="java.version" value="1.8.0_201"/>
    <property name="user.dir" value="/home/ironclad/Downloads/SpringLibraries/Spring_MS_TechEFX/github_actions_proj"/>
    <property name="os.arch" value="amd64"/>
    <property name="java.vm.specification.name" value="Java Virtual Machine Specification"/>
    <property name="java.awt.printerjob" value="sun.print.PSPrinterJob"/>
    <property name="sun.os.patch.level" value="unknown"/>
    <property name="java.library.path" value="/usr/java/packages/lib/amd64:/usr/lib64:/lib64:/lib:/usr/lib"/>
    <property name="java.vm.info" value="mixed mode"/>
    <property name="java.vendor" value="Oracle Corporation"/>
    <property name="java.vm.version" value="25.201-b09"/>
    <property name="java.ext.dirs" value="/usr/java/jdk1.8.0_201/jre/lib/ext:/usr/java/packages/lib/ext"/>
    <property name="sun.io.unicode.encoding" value="UnicodeLittle"/>
    <property name="java.class.version" value="52.0"/>
  </properties>
  <testcase name="contextLoads" classname="com.example.demo.GithubActionsProjApplicationTests" time="0.138"/>
</testsuite>